<?xml version="1.0" encoding="UTF-8" ?>
<testsuite tests="2" failures="2" name="tests.CustomerTest" time="0.011" errors="0" skipped="0">
  <properties>
[...]
</properties>
  <testcase classname="tests.CustomerTest" name="ShouldLinkPurchaseHistoryToNewEmail" time="0.011">
    <failure message="src/test/java/testdata/purachase.json" type="java.nio.file.NoSuchFileException">java.nio.file.NoSuchFileException: src/test/java/testdata/purachase.json
	at java.base/sun.nio.fs.UnixException.translateToIOException(UnixException.java:92)
	at java.base/sun.nio.fs.UnixException.rethrowAsIOException(UnixException.java:106)
	at java.base/sun.nio.fs.UnixException.rethrowAsIOException(UnixException.java:111)
	at java.base/sun.nio.fs.UnixFileSystemProvider.newByteChannel(UnixFileSystemProvider.java:219)
	at java.base/java.nio.file.Files.newByteChannel(Files.java:375)
	at java.base/java.nio.file.Files.newByteChannel(Files.java:426)
	at java.base/java.nio.file.Files.readAllBytes(Files.java:3272)
	at core.helpers.LocalFileReader.readFile(LocalFileReader.java:11)
	at core.helpers.LocalFileReader.getPurchase(LocalFileReader.java:19)
	at core.helpers.LocalDataRepository.getPurchase(LocalDataRepository.java:16)
	at tests.CustomerTest.ShouldLinkPurchaseHistoryToNewEmail(CustomerTest.java:54)
</failure>
    <system-out>Configuring TestNG with: org.apache.maven.surefire.testng.conf.TestNG652Configurator@27082746
</system-out>
    <system-err>SLF4J: Failed to load class &quot;org.slf4j.impl.StaticLoggerBinder&quot;.
SLF4J: Defaulting to no-operation (NOP) logger implementation
SLF4J: See http://www.slf4j.org/codes.html#StaticLoggerBinder for further details.
</system-err>
  </testcase>
  <testcase classname="tests.CustomerTest" name="ShouldPostMessageInSQSWhenNewCustomerCreated" time="0">
    <failure message="src/test/java/testdata/customer.json" type="java.nio.file.NoSuchFileException">java.nio.file.NoSuchFileException: src/test/java/testdata/customer.json
	at java.base/sun.nio.fs.UnixException.translateToIOException(UnixException.java:92)
	at java.base/sun.nio.fs.UnixException.rethrowAsIOException(UnixException.java:106)
	at java.base/sun.nio.fs.UnixException.rethrowAsIOException(UnixException.java:111)
	at java.base/sun.nio.fs.UnixFileSystemProvider.newByteChannel(UnixFileSystemProvider.java:219)
	at java.base/java.nio.file.Files.newByteChannel(Files.java:375)
	at java.base/java.nio.file.Files.newByteChannel(Files.java:426)
	at java.base/java.nio.file.Files.readAllBytes(Files.java:3272)
	at core.helpers.LocalFileReader.readFile(LocalFileReader.java:11)
	at core.helpers.LocalFileReader.getCustomer(LocalFileReader.java:15)
	at core.helpers.LocalDataRepository.getCustomer(LocalDataRepository.java:12)
	at tests.CustomerTest.ShouldPostMessageInSQSWhenNewCustomerCreated(CustomerTest.java:41)
</failure>
  </testcase>
</testsuite>