<?xml version="1.0" encoding="UTF-8"?>
<!-- Generated by org.testng.reporters.JUnitXMLReporter -->
<testsuite ignored="0" hostname="Oleksiys-MacBook-Air.local" failures="2" tests="2" name="Command line test" time="0.054" errors="0" timestamp="2021-07-01T17:27:08 EDT">
  <testcase classname="tests.CustomerTest" name="ShouldLinkPurchaseHistoryToNewEmail" time="0.007">
    <failure type="java.nio.file.NoSuchFileException" message="src/test/java/testdata/purachase.json">
      <![CDATA[java.nio.file.NoSuchFileException: src/test/java/testdata/purachase.json
at java.base/sun.nio.fs.UnixException.translateToIOException(UnixException.java:92)
at java.base/sun.nio.fs.UnixException.rethrowAsIOException(UnixException.java:106)
at java.base/sun.nio.fs.UnixException.rethrowAsIOException(UnixException.java:111)
at java.base/sun.nio.fs.UnixFileSystemProvider.newByteChannel(UnixFileSystemProvider.java:219)
at java.base/java.nio.file.Files.newByteChannel(Files.java:375)
at java.base/java.nio.file.Files.newByteChannel(Files.java:426)
at java.base/java.nio.file.Files.readAllBytes(Files.java:3272)
at core.helpers.LocalFileReader.readFile(LocalFileReader.java:11)
at core.helpers.LocalFileReader.getPurchase(LocalFileReader.java:19)
at core.helpers.LocalDataRepository.getPurchase(LocalDataRepository.java:16)
at tests.CustomerTest.ShouldLinkPurchaseHistoryToNewEmail(CustomerTest.java:54)
at java.base/java.util.ArrayList.forEach(ArrayList.java:1511)
... Removed 36 stack frames]]>
    </failure>
  </testcase> <!-- ShouldLinkPurchaseHistoryToNewEmail -->
  <testcase classname="tests.CustomerTest" name="ShouldPostMessageInSQSWhenNewCustomerCreated" time="0.001">
    <failure type="java.nio.file.NoSuchFileException" message="src/test/java/testdata/customer.json">
      <![CDATA[java.nio.file.NoSuchFileException: src/test/java/testdata/customer.json
at java.base/sun.nio.fs.UnixException.translateToIOException(UnixException.java:92)
at java.base/sun.nio.fs.UnixException.rethrowAsIOException(UnixException.java:106)
at java.base/sun.nio.fs.UnixException.rethrowAsIOException(UnixException.java:111)
at java.base/sun.nio.fs.UnixFileSystemProvider.newByteChannel(UnixFileSystemProvider.java:219)
at java.base/java.nio.file.Files.newByteChannel(Files.java:375)
at java.base/java.nio.file.Files.newByteChannel(Files.java:426)
at java.base/java.nio.file.Files.readAllBytes(Files.java:3272)
at core.helpers.LocalFileReader.readFile(LocalFileReader.java:11)
at core.helpers.LocalFileReader.getCustomer(LocalFileReader.java:15)
at core.helpers.LocalDataRepository.getCustomer(LocalDataRepository.java:12)
at tests.CustomerTest.ShouldPostMessageInSQSWhenNewCustomerCreated(CustomerTest.java:41)
at java.base/java.util.ArrayList.forEach(ArrayList.java:1511)
... Removed 36 stack frames]]>
    </failure>
  </testcase> <!-- ShouldPostMessageInSQSWhenNewCustomerCreated -->
</testsuite> <!-- Command line test -->
